Analysis & Synthesis report for Instruction_fetch
Fri Jul 19 18:29:59 2024
Quartus Prime Version 20.1.0 Build 711 06/05/2020 SJ Lite Edition


---------------------
; Table of Contents ;
---------------------
  1. Legal Notice
  2. Analysis & Synthesis Summary
  3. Analysis & Synthesis Settings
  4. Parallel Compilation
  5. Analysis & Synthesis Source Files Read
  6. Analysis & Synthesis Resource Usage Summary
  7. Analysis & Synthesis Resource Utilization by Entity
  8. Registers Removed During Synthesis
  9. Removed Registers Triggering Further Register Optimizations
 10. General Register Statistics
 11. Parameter Settings for User Entity Instance: Top-level Entity: |Instruction_fetch
 12. Parameter Settings for User Entity Instance: MUX21:U1
 13. Parameter Settings for User Entity Instance: D_flip_flop:u2
 14. Parameter Settings for User Entity Instance: Instruction_mem:u3
 15. Parameter Settings for User Entity Instance: MUX21:u4
 16. Parameter Settings for User Entity Instance: IF_ID_register:u5
 17. Port Connectivity Checks: "MUX21:u4"
 18. Post-Synthesis Netlist Statistics for Top Partition
 19. Elapsed Time Per Partition
 20. Analysis & Synthesis Messages



----------------
; Legal Notice ;
----------------
Copyright (C) 2020  Intel Corporation. All rights reserved.
Your use of Intel Corporation's design tools, logic functions 
and other software and tools, and any partner logic 
functions, and any output files from any of the foregoing 
(including device programming or simulation files), and any 
associated documentation or information are expressly subject 
to the terms and conditions of the Intel Program License 
Subscription Agreement, the Intel Quartus Prime License Agreement,
the Intel FPGA IP License Agreement, or other applicable license
agreement, including, without limitation, that your use is for
the sole purpose of programming logic devices manufactured by
Intel and sold by Intel or its authorized distributors.  Please
refer to the applicable agreement for further details, at
https://fpgasoftware.intel.com/eula.



+-------------------------------------------------------------------------------+
; Analysis & Synthesis Summary                                                  ;
+---------------------------------+---------------------------------------------+
; Analysis & Synthesis Status     ; Successful - Fri Jul 19 18:29:59 2024       ;
; Quartus Prime Version           ; 20.1.0 Build 711 06/05/2020 SJ Lite Edition ;
; Revision Name                   ; Instruction_fetch                           ;
; Top-level Entity Name           ; Instruction_fetch                           ;
; Family                          ; Cyclone V                                   ;
; Logic utilization (in ALMs)     ; N/A                                         ;
; Total registers                 ; 64                                          ;
; Total pins                      ; 101                                         ;
; Total virtual pins              ; 0                                           ;
; Total block memory bits         ; 0                                           ;
; Total DSP Blocks                ; 0                                           ;
; Total HSSI RX PCSs              ; 0                                           ;
; Total HSSI PMA RX Deserializers ; 0                                           ;
; Total HSSI TX PCSs              ; 0                                           ;
; Total HSSI PMA TX Serializers   ; 0                                           ;
; Total PLLs                      ; 0                                           ;
; Total DLLs                      ; 0                                           ;
+---------------------------------+---------------------------------------------+


+---------------------------------------------------------------------------------------------------------------------------+
; Analysis & Synthesis Settings                                                                                             ;
+---------------------------------------------------------------------------------+--------------------+--------------------+
; Option                                                                          ; Setting            ; Default Value      ;
+---------------------------------------------------------------------------------+--------------------+--------------------+
; Device                                                                          ; 5CGXFC7C7F23C8     ;                    ;
; Top-level entity name                                                           ; Instruction_fetch  ; Instruction_fetch  ;
; Family name                                                                     ; Cyclone V          ; Cyclone V          ;
; Use smart compilation                                                           ; Off                ; Off                ;
; Enable parallel Assembler and Timing Analyzer during compilation                ; On                 ; On                 ;
; Enable compact report table                                                     ; Off                ; Off                ;
; Restructure Multiplexers                                                        ; Auto               ; Auto               ;
; MLAB Add Timing Constraints For Mixed-Port Feed-Through Mode Setting Don't Care ; Off                ; Off                ;
; Create Debugging Nodes for IP Cores                                             ; Off                ; Off                ;
; Preserve fewer node names                                                       ; On                 ; On                 ;
; Intel FPGA IP Evaluation Mode                                                   ; Enable             ; Enable             ;
; Verilog Version                                                                 ; Verilog_2001       ; Verilog_2001       ;
; VHDL Version                                                                    ; VHDL_1993          ; VHDL_1993          ;
; State Machine Processing                                                        ; Auto               ; Auto               ;
; Safe State Machine                                                              ; Off                ; Off                ;
; Extract Verilog State Machines                                                  ; On                 ; On                 ;
; Extract VHDL State Machines                                                     ; On                 ; On                 ;
; Ignore Verilog initial constructs                                               ; Off                ; Off                ;
; Iteration limit for constant Verilog loops                                      ; 5000               ; 5000               ;
; Iteration limit for non-constant Verilog loops                                  ; 250                ; 250                ;
; Add Pass-Through Logic to Inferred RAMs                                         ; On                 ; On                 ;
; Infer RAMs from Raw Logic                                                       ; On                 ; On                 ;
; Parallel Synthesis                                                              ; On                 ; On                 ;
; DSP Block Balancing                                                             ; Auto               ; Auto               ;
; NOT Gate Push-Back                                                              ; On                 ; On                 ;
; Power-Up Don't Care                                                             ; On                 ; On                 ;
; Remove Redundant Logic Cells                                                    ; Off                ; Off                ;
; Remove Duplicate Registers                                                      ; On                 ; On                 ;
; Ignore CARRY Buffers                                                            ; Off                ; Off                ;
; Ignore CASCADE Buffers                                                          ; Off                ; Off                ;
; Ignore GLOBAL Buffers                                                           ; Off                ; Off                ;
; Ignore ROW GLOBAL Buffers                                                       ; Off                ; Off                ;
; Ignore LCELL Buffers                                                            ; Off                ; Off                ;
; Ignore SOFT Buffers                                                             ; On                 ; On                 ;
; Limit AHDL Integers to 32 Bits                                                  ; Off                ; Off                ;
; Optimization Technique                                                          ; Balanced           ; Balanced           ;
; Carry Chain Length                                                              ; 70                 ; 70                 ;
; Auto Carry Chains                                                               ; On                 ; On                 ;
; Auto Open-Drain Pins                                                            ; On                 ; On                 ;
; Perform WYSIWYG Primitive Resynthesis                                           ; Off                ; Off                ;
; Auto ROM Replacement                                                            ; On                 ; On                 ;
; Auto RAM Replacement                                                            ; On                 ; On                 ;
; Auto DSP Block Replacement                                                      ; On                 ; On                 ;
; Auto Shift Register Replacement                                                 ; Auto               ; Auto               ;
; Allow Shift Register Merging across Hierarchies                                 ; Auto               ; Auto               ;
; Auto Clock Enable Replacement                                                   ; On                 ; On                 ;
; Strict RAM Replacement                                                          ; Off                ; Off                ;
; Allow Synchronous Control Signals                                               ; On                 ; On                 ;
; Force Use of Synchronous Clear Signals                                          ; Off                ; Off                ;
; Auto Resource Sharing                                                           ; Off                ; Off                ;
; Allow Any RAM Size For Recognition                                              ; Off                ; Off                ;
; Allow Any ROM Size For Recognition                                              ; Off                ; Off                ;
; Allow Any Shift Register Size For Recognition                                   ; Off                ; Off                ;
; Use LogicLock Constraints during Resource Balancing                             ; On                 ; On                 ;
; Ignore translate_off and synthesis_off directives                               ; Off                ; Off                ;
; Timing-Driven Synthesis                                                         ; On                 ; On                 ;
; Report Parameter Settings                                                       ; On                 ; On                 ;
; Report Source Assignments                                                       ; On                 ; On                 ;
; Report Connectivity Checks                                                      ; On                 ; On                 ;
; Ignore Maximum Fan-Out Assignments                                              ; Off                ; Off                ;
; Synchronization Register Chain Length                                           ; 3                  ; 3                  ;
; Power Optimization During Synthesis                                             ; Normal compilation ; Normal compilation ;
; HDL message level                                                               ; Level2             ; Level2             ;
; Suppress Register Optimization Related Messages                                 ; Off                ; Off                ;
; Number of Removed Registers Reported in Synthesis Report                        ; 5000               ; 5000               ;
; Number of Swept Nodes Reported in Synthesis Report                              ; 5000               ; 5000               ;
; Number of Inverted Registers Reported in Synthesis Report                       ; 100                ; 100                ;
; Clock MUX Protection                                                            ; On                 ; On                 ;
; Auto Gated Clock Conversion                                                     ; Off                ; Off                ;
; Block Design Naming                                                             ; Auto               ; Auto               ;
; SDC constraint protection                                                       ; Off                ; Off                ;
; Synthesis Effort                                                                ; Auto               ; Auto               ;
; Shift Register Replacement - Allow Asynchronous Clear Signal                    ; On                 ; On                 ;
; Pre-Mapping Resynthesis Optimization                                            ; Off                ; Off                ;
; Analysis & Synthesis Message Level                                              ; Medium             ; Medium             ;
; Disable Register Merging Across Hierarchies                                     ; Auto               ; Auto               ;
; Resource Aware Inference For Block RAM                                          ; On                 ; On                 ;
; Automatic Parallel Synthesis                                                    ; On                 ; On                 ;
; Partial Reconfiguration Bitstream ID                                            ; Off                ; Off                ;
+---------------------------------------------------------------------------------+--------------------+--------------------+


+------------------------------------------+
; Parallel Compilation                     ;
+----------------------------+-------------+
; Processors                 ; Number      ;
+----------------------------+-------------+
; Number detected on machine ; 8           ;
; Maximum allowed            ; 4           ;
;                            ;             ;
; Average used               ; 1.00        ;
; Maximum used               ; 4           ;
;                            ;             ;
; Usage by Processor         ; % Time Used ;
;     Processor 1            ; 100.0%      ;
;     Processors 2-4         ;   0.0%      ;
+----------------------------+-------------+


+---------------------------------------------------------------------------------------------------------------------------------------------------+
; Analysis & Synthesis Source Files Read                                                                                                            ;
+----------------------------------+-----------------+-----------------------+------------------------------------------------------------+---------+
; File Name with User-Entered Path ; Used in Netlist ; File Type             ; File Name with Absolute Path                               ; Library ;
+----------------------------------+-----------------+-----------------------+------------------------------------------------------------+---------+
; Instruction_fetch.vhd            ; yes             ; User VHDL File        ; E:/Mips pipelined processor/Stage_IF/Instruction_fetch.vhd ;         ;
; Instruction_mem.vhd              ; yes             ; User VHDL File        ; E:/Mips pipelined processor/Stage_IF/Instruction_mem.vhd   ;         ;
; mux21.vhd                        ; yes             ; Auto-Found VHDL File  ; E:/Mips pipelined processor/Stage_IF/mux21.vhd             ;         ;
; d_flip_flop.vhd                  ; yes             ; Auto-Found VHDL File  ; E:/Mips pipelined processor/Stage_IF/d_flip_flop.vhd       ;         ;
; if_id_register.vhd               ; yes             ; Auto-Found VHDL File  ; E:/Mips pipelined processor/Stage_IF/if_id_register.vhd    ;         ;
+----------------------------------+-----------------+-----------------------+------------------------------------------------------------+---------+


+-----------------------------------------------------------+
; Analysis & Synthesis Resource Usage Summary               ;
+---------------------------------------------+-------------+
; Resource                                    ; Usage       ;
+---------------------------------------------+-------------+
; Estimate of Logic utilization (ALMs needed) ; 33          ;
;                                             ;             ;
; Combinational ALUT usage for logic          ; 31          ;
;     -- 7 input functions                    ; 0           ;
;     -- 6 input functions                    ; 0           ;
;     -- 5 input functions                    ; 0           ;
;     -- 4 input functions                    ; 0           ;
;     -- <=3 input functions                  ; 31          ;
;                                             ;             ;
; Dedicated logic registers                   ; 64          ;
;                                             ;             ;
; I/O pins                                    ; 101         ;
;                                             ;             ;
; Total DSP Blocks                            ; 0           ;
;                                             ;             ;
; Maximum fan-out node                        ; i_clk~input ;
; Maximum fan-out                             ; 64          ;
; Total fan-out                               ; 510         ;
; Average fan-out                             ; 1.72        ;
+---------------------------------------------+-------------+


+---------------------------------------------------------------------------------------------------------------------------------------------------------------------------------------------------------------+
; Analysis & Synthesis Resource Utilization by Entity                                                                                                                                                           ;
+----------------------------+---------------------+---------------------------+-------------------+------------+------+--------------+--------------------------------------+-------------------+--------------+
; Compilation Hierarchy Node ; Combinational ALUTs ; Dedicated Logic Registers ; Block Memory Bits ; DSP Blocks ; Pins ; Virtual Pins ; Full Hierarchy Name                  ; Entity Name       ; Library Name ;
+----------------------------+---------------------+---------------------------+-------------------+------------+------+--------------+--------------------------------------+-------------------+--------------+
; |Instruction_fetch         ; 31 (30)             ; 64 (0)                    ; 0                 ; 0          ; 101  ; 0            ; |Instruction_fetch                   ; Instruction_fetch ; work         ;
;    |D_flip_flop:u2|        ; 1 (1)               ; 32 (32)                   ; 0                 ; 0          ; 0    ; 0            ; |Instruction_fetch|D_flip_flop:u2    ; D_flip_flop       ; work         ;
;    |IF_ID_register:u5|     ; 0 (0)               ; 32 (32)                   ; 0                 ; 0          ; 0    ; 0            ; |Instruction_fetch|IF_ID_register:u5 ; IF_ID_register    ; work         ;
+----------------------------+---------------------+---------------------------+-------------------+------------+------+--------------+--------------------------------------+-------------------+--------------+
Note: For table entries with two numbers listed, the numbers in parentheses indicate the number of resources of the given type used by the specific entity alone. The numbers listed outside of parentheses indicate the total resources of the given type used by the specific entity and all of its sub-entities in the hierarchy.


+-----------------------------------------------------------------------------------+
; Registers Removed During Synthesis                                                ;
+------------------------------------------+----------------------------------------+
; Register name                            ; Reason for Removal                     ;
+------------------------------------------+----------------------------------------+
; IF_ID_register:u5|Instruction_out[0..31] ; Stuck at GND due to stuck port data_in ;
; Total Number of Removed Registers = 32   ;                                        ;
+------------------------------------------+----------------------------------------+


+------------------------------------------------------------------------------------------------------------+
; Removed Registers Triggering Further Register Optimizations                                                ;
+---------------------------------------+---------------------------+----------------------------------------+
; Register name                         ; Reason for Removal        ; Registers Removed due to This Register ;
+---------------------------------------+---------------------------+----------------------------------------+
; IF_ID_register:u5|Instruction_out[1]  ; Stuck at GND              ; IF_ID_register:u5|Instruction_out[31]  ;
;                                       ; due to stuck port data_in ;                                        ;
; IF_ID_register:u5|Instruction_out[3]  ; Stuck at GND              ; IF_ID_register:u5|Instruction_out[30]  ;
;                                       ; due to stuck port data_in ;                                        ;
; IF_ID_register:u5|Instruction_out[5]  ; Stuck at GND              ; IF_ID_register:u5|Instruction_out[29]  ;
;                                       ; due to stuck port data_in ;                                        ;
; IF_ID_register:u5|Instruction_out[7]  ; Stuck at GND              ; IF_ID_register:u5|Instruction_out[28]  ;
;                                       ; due to stuck port data_in ;                                        ;
; IF_ID_register:u5|Instruction_out[9]  ; Stuck at GND              ; IF_ID_register:u5|Instruction_out[27]  ;
;                                       ; due to stuck port data_in ;                                        ;
; IF_ID_register:u5|Instruction_out[11] ; Stuck at GND              ; IF_ID_register:u5|Instruction_out[26]  ;
;                                       ; due to stuck port data_in ;                                        ;
; IF_ID_register:u5|Instruction_out[13] ; Stuck at GND              ; IF_ID_register:u5|Instruction_out[25]  ;
;                                       ; due to stuck port data_in ;                                        ;
; IF_ID_register:u5|Instruction_out[15] ; Stuck at GND              ; IF_ID_register:u5|Instruction_out[24]  ;
;                                       ; due to stuck port data_in ;                                        ;
; IF_ID_register:u5|Instruction_out[17] ; Stuck at GND              ; IF_ID_register:u5|Instruction_out[23]  ;
;                                       ; due to stuck port data_in ;                                        ;
; IF_ID_register:u5|Instruction_out[19] ; Stuck at GND              ; IF_ID_register:u5|Instruction_out[22]  ;
;                                       ; due to stuck port data_in ;                                        ;
+---------------------------------------+---------------------------+----------------------------------------+


+------------------------------------------------------+
; General Register Statistics                          ;
+----------------------------------------------+-------+
; Statistic                                    ; Value ;
+----------------------------------------------+-------+
; Total registers                              ; 64    ;
; Number of registers using Synchronous Clear  ; 0     ;
; Number of registers using Synchronous Load   ; 30    ;
; Number of registers using Asynchronous Clear ; 64    ;
; Number of registers using Asynchronous Load  ; 0     ;
; Number of registers using Clock Enable       ; 64    ;
; Number of registers using Preset             ; 0     ;
+----------------------------------------------+-------+


+-----------------------------------------------------------------------------------+
; Parameter Settings for User Entity Instance: Top-level Entity: |Instruction_fetch ;
+----------------+-------+----------------------------------------------------------+
; Parameter Name ; Value ; Type                                                     ;
+----------------+-------+----------------------------------------------------------+
; BUS_WIDTH      ; 32    ; Signed Integer                                           ;
+----------------+-------+----------------------------------------------------------+
Note: In order to hide this table in the UI and the text report file, please set the "Show Parameter Settings in Synthesis Report" option in "Analysis and Synthesis Settings -> More Settings" to "Off".


+-------------------------------------------------------+
; Parameter Settings for User Entity Instance: MUX21:U1 ;
+----------------+-------+------------------------------+
; Parameter Name ; Value ; Type                         ;
+----------------+-------+------------------------------+
; bus_width      ; 32    ; Signed Integer               ;
+----------------+-------+------------------------------+
Note: In order to hide this table in the UI and the text report file, please set the "Show Parameter Settings in Synthesis Report" option in "Analysis and Synthesis Settings -> More Settings" to "Off".


+-------------------------------------------------------------+
; Parameter Settings for User Entity Instance: D_flip_flop:u2 ;
+----------------+-------+------------------------------------+
; Parameter Name ; Value ; Type                               ;
+----------------+-------+------------------------------------+
; bus_width      ; 32    ; Signed Integer                     ;
+----------------+-------+------------------------------------+
Note: In order to hide this table in the UI and the text report file, please set the "Show Parameter Settings in Synthesis Report" option in "Analysis and Synthesis Settings -> More Settings" to "Off".


+-----------------------------------------------------------------+
; Parameter Settings for User Entity Instance: Instruction_mem:u3 ;
+----------------+-------+----------------------------------------+
; Parameter Name ; Value ; Type                                   ;
+----------------+-------+----------------------------------------+
; a_width        ; 32    ; Signed Integer                         ;
; d_width        ; 32    ; Signed Integer                         ;
+----------------+-------+----------------------------------------+
Note: In order to hide this table in the UI and the text report file, please set the "Show Parameter Settings in Synthesis Report" option in "Analysis and Synthesis Settings -> More Settings" to "Off".


+-------------------------------------------------------+
; Parameter Settings for User Entity Instance: MUX21:u4 ;
+----------------+-------+------------------------------+
; Parameter Name ; Value ; Type                         ;
+----------------+-------+------------------------------+
; bus_width      ; 32    ; Signed Integer               ;
+----------------+-------+------------------------------+
Note: In order to hide this table in the UI and the text report file, please set the "Show Parameter Settings in Synthesis Report" option in "Analysis and Synthesis Settings -> More Settings" to "Off".


+----------------------------------------------------------------+
; Parameter Settings for User Entity Instance: IF_ID_register:u5 ;
+----------------+-------+---------------------------------------+
; Parameter Name ; Value ; Type                                  ;
+----------------+-------+---------------------------------------+
; bus_width      ; 32    ; Signed Integer                        ;
+----------------+-------+---------------------------------------+
Note: In order to hide this table in the UI and the text report file, please set the "Show Parameter Settings in Synthesis Report" option in "Analysis and Synthesis Settings -> More Settings" to "Off".


+-------------------------------------------+
; Port Connectivity Checks: "MUX21:u4"      ;
+---------+-------+----------+--------------+
; Port    ; Type  ; Severity ; Details      ;
+---------+-------+----------+--------------+
; i_data1 ; Input ; Info     ; Stuck at GND ;
+---------+-------+----------+--------------+


+-----------------------------------------------------+
; Post-Synthesis Netlist Statistics for Top Partition ;
+-----------------------+-----------------------------+
; Type                  ; Count                       ;
+-----------------------+-----------------------------+
; arriav_ff             ; 64                          ;
;     ENA CLR           ; 34                          ;
;     ENA CLR SLD       ; 30                          ;
; arriav_lcell_comb     ; 32                          ;
;     arith             ; 30                          ;
;         1 data inputs ; 30                          ;
;     normal            ; 2                           ;
;         0 data inputs ; 1                           ;
;         2 data inputs ; 1                           ;
; boundary_port         ; 101                         ;
;                       ;                             ;
; Max LUT depth         ; 3.90                        ;
; Average LUT depth     ; 1.63                        ;
+-----------------------+-----------------------------+


+-------------------------------+
; Elapsed Time Per Partition    ;
+----------------+--------------+
; Partition Name ; Elapsed Time ;
+----------------+--------------+
; Top            ; 00:00:00     ;
+----------------+--------------+


+-------------------------------+
; Analysis & Synthesis Messages ;
+-------------------------------+
Info: *******************************************************************
Info: Running Quartus Prime Analysis & Synthesis
    Info: Version 20.1.0 Build 711 06/05/2020 SJ Lite Edition
    Info: Processing started: Fri Jul 19 18:29:49 2024
Info: Command: quartus_map --read_settings_files=on --write_settings_files=off Instruction_fetch -c Instruction_fetch
Warning (18236): Number of processors has not been specified which may cause overloading on shared machines.  Set the global assignment NUM_PARALLEL_PROCESSORS in your QSF to an appropriate value for best performance.
Info (20030): Parallel compilation is enabled and will use 4 of the 4 processors detected
Info (12021): Found 2 design units, including 1 entities, in source file instruction_fetch.vhd
    Info (12022): Found design unit 1: Instruction_fetch-arch File: E:/Mips pipelined processor/Stage_IF/Instruction_fetch.vhd Line: 30
    Info (12023): Found entity 1: Instruction_fetch File: E:/Mips pipelined processor/Stage_IF/Instruction_fetch.vhd Line: 7
Info (12021): Found 2 design units, including 1 entities, in source file instruction_mem.vhd
    Info (12022): Found design unit 1: Instruction_mem-arch File: E:/Mips pipelined processor/Stage_IF/Instruction_mem.vhd Line: 23
    Info (12023): Found entity 1: Instruction_mem File: E:/Mips pipelined processor/Stage_IF/Instruction_mem.vhd Line: 7
Info (12021): Found 2 design units, including 1 entities, in source file tb_instruction_fetch.vhd
    Info (12022): Found design unit 1: tb_Instruction_fetch-arch File: E:/Mips pipelined processor/Stage_IF/tb_Instruction_fetch.vhd Line: 10
    Info (12023): Found entity 1: tb_Instruction_fetch File: E:/Mips pipelined processor/Stage_IF/tb_Instruction_fetch.vhd Line: 5
Info (12127): Elaborating entity "Instruction_fetch" for the top level hierarchy
Warning (12125): Using design file mux21.vhd, which is not specified as a design file for the current project, but contains definitions for 2 design units and 1 entities in project
    Info (12022): Found design unit 1: MUX21-arch File: E:/Mips pipelined processor/Stage_IF/mux21.vhd Line: 22
    Info (12023): Found entity 1: MUX21 File: E:/Mips pipelined processor/Stage_IF/mux21.vhd Line: 6
Info (12128): Elaborating entity "MUX21" for hierarchy "MUX21:U1" File: E:/Mips pipelined processor/Stage_IF/Instruction_fetch.vhd Line: 125
Warning (12125): Using design file d_flip_flop.vhd, which is not specified as a design file for the current project, but contains definitions for 2 design units and 1 entities in project
    Info (12022): Found design unit 1: D_flip_flop-arch File: E:/Mips pipelined processor/Stage_IF/d_flip_flop.vhd Line: 26
    Info (12023): Found entity 1: D_flip_flop File: E:/Mips pipelined processor/Stage_IF/d_flip_flop.vhd Line: 6
Info (12128): Elaborating entity "D_flip_flop" for hierarchy "D_flip_flop:u2" File: E:/Mips pipelined processor/Stage_IF/Instruction_fetch.vhd Line: 138
Info (12128): Elaborating entity "Instruction_mem" for hierarchy "Instruction_mem:u3" File: E:/Mips pipelined processor/Stage_IF/Instruction_fetch.vhd Line: 151
Warning (12125): Using design file if_id_register.vhd, which is not specified as a design file for the current project, but contains definitions for 2 design units and 1 entities in project
    Info (12022): Found design unit 1: IF_ID_register-arch File: E:/Mips pipelined processor/Stage_IF/if_id_register.vhd Line: 23
    Info (12023): Found entity 1: IF_ID_register File: E:/Mips pipelined processor/Stage_IF/if_id_register.vhd Line: 6
Info (12128): Elaborating entity "IF_ID_register" for hierarchy "IF_ID_register:u5" File: E:/Mips pipelined processor/Stage_IF/Instruction_fetch.vhd Line: 177
Info (276014): Found 1 instances of uninferred RAM logic
    Info (276004): RAM logic "Instruction_mem:u3|ROM_data" is uninferred due to inappropriate RAM size File: E:/Mips pipelined processor/Stage_IF/Instruction_mem.vhd Line: 56
Warning (13024): Output pins are stuck at VCC or GND
    Warning (13410): Pin "o_Instruction[0]" is stuck at GND File: E:/Mips pipelined processor/Stage_IF/Instruction_fetch.vhd Line: 23
    Warning (13410): Pin "o_Instruction[1]" is stuck at GND File: E:/Mips pipelined processor/Stage_IF/Instruction_fetch.vhd Line: 23
    Warning (13410): Pin "o_Instruction[2]" is stuck at GND File: E:/Mips pipelined processor/Stage_IF/Instruction_fetch.vhd Line: 23
    Warning (13410): Pin "o_Instruction[3]" is stuck at GND File: E:/Mips pipelined processor/Stage_IF/Instruction_fetch.vhd Line: 23
    Warning (13410): Pin "o_Instruction[4]" is stuck at GND File: E:/Mips pipelined processor/Stage_IF/Instruction_fetch.vhd Line: 23
    Warning (13410): Pin "o_Instruction[5]" is stuck at GND File: E:/Mips pipelined processor/Stage_IF/Instruction_fetch.vhd Line: 23
    Warning (13410): Pin "o_Instruction[6]" is stuck at GND File: E:/Mips pipelined processor/Stage_IF/Instruction_fetch.vhd Line: 23
    Warning (13410): Pin "o_Instruction[7]" is stuck at GND File: E:/Mips pipelined processor/Stage_IF/Instruction_fetch.vhd Line: 23
    Warning (13410): Pin "o_Instruction[8]" is stuck at GND File: E:/Mips pipelined processor/Stage_IF/Instruction_fetch.vhd Line: 23
    Warning (13410): Pin "o_Instruction[9]" is stuck at GND File: E:/Mips pipelined processor/Stage_IF/Instruction_fetch.vhd Line: 23
    Warning (13410): Pin "o_Instruction[10]" is stuck at GND File: E:/Mips pipelined processor/Stage_IF/Instruction_fetch.vhd Line: 23
    Warning (13410): Pin "o_Instruction[11]" is stuck at GND File: E:/Mips pipelined processor/Stage_IF/Instruction_fetch.vhd Line: 23
    Warning (13410): Pin "o_Instruction[12]" is stuck at GND File: E:/Mips pipelined processor/Stage_IF/Instruction_fetch.vhd Line: 23
    Warning (13410): Pin "o_Instruction[13]" is stuck at GND File: E:/Mips pipelined processor/Stage_IF/Instruction_fetch.vhd Line: 23
    Warning (13410): Pin "o_Instruction[14]" is stuck at GND File: E:/Mips pipelined processor/Stage_IF/Instruction_fetch.vhd Line: 23
    Warning (13410): Pin "o_Instruction[15]" is stuck at GND File: E:/Mips pipelined processor/Stage_IF/Instruction_fetch.vhd Line: 23
    Warning (13410): Pin "o_Instruction[16]" is stuck at GND File: E:/Mips pipelined processor/Stage_IF/Instruction_fetch.vhd Line: 23
    Warning (13410): Pin "o_Instruction[17]" is stuck at GND File: E:/Mips pipelined processor/Stage_IF/Instruction_fetch.vhd Line: 23
    Warning (13410): Pin "o_Instruction[18]" is stuck at GND File: E:/Mips pipelined processor/Stage_IF/Instruction_fetch.vhd Line: 23
    Warning (13410): Pin "o_Instruction[19]" is stuck at GND File: E:/Mips pipelined processor/Stage_IF/Instruction_fetch.vhd Line: 23
    Warning (13410): Pin "o_Instruction[20]" is stuck at GND File: E:/Mips pipelined processor/Stage_IF/Instruction_fetch.vhd Line: 23
    Warning (13410): Pin "o_Instruction[21]" is stuck at GND File: E:/Mips pipelined processor/Stage_IF/Instruction_fetch.vhd Line: 23
    Warning (13410): Pin "o_Instruction[22]" is stuck at GND File: E:/Mips pipelined processor/Stage_IF/Instruction_fetch.vhd Line: 23
    Warning (13410): Pin "o_Instruction[23]" is stuck at GND File: E:/Mips pipelined processor/Stage_IF/Instruction_fetch.vhd Line: 23
    Warning (13410): Pin "o_Instruction[24]" is stuck at GND File: E:/Mips pipelined processor/Stage_IF/Instruction_fetch.vhd Line: 23
    Warning (13410): Pin "o_Instruction[25]" is stuck at GND File: E:/Mips pipelined processor/Stage_IF/Instruction_fetch.vhd Line: 23
    Warning (13410): Pin "o_Instruction[26]" is stuck at GND File: E:/Mips pipelined processor/Stage_IF/Instruction_fetch.vhd Line: 23
    Warning (13410): Pin "o_Instruction[27]" is stuck at GND File: E:/Mips pipelined processor/Stage_IF/Instruction_fetch.vhd Line: 23
    Warning (13410): Pin "o_Instruction[28]" is stuck at GND File: E:/Mips pipelined processor/Stage_IF/Instruction_fetch.vhd Line: 23
    Warning (13410): Pin "o_Instruction[29]" is stuck at GND File: E:/Mips pipelined processor/Stage_IF/Instruction_fetch.vhd Line: 23
    Warning (13410): Pin "o_Instruction[30]" is stuck at GND File: E:/Mips pipelined processor/Stage_IF/Instruction_fetch.vhd Line: 23
    Warning (13410): Pin "o_Instruction[31]" is stuck at GND File: E:/Mips pipelined processor/Stage_IF/Instruction_fetch.vhd Line: 23
Info (286030): Timing-Driven Synthesis is running
Info (16010): Generating hard_block partition "hard_block:auto_generated_inst"
    Info (16011): Adding 0 node(s), including 0 DDIO, 0 PLL, 0 transceiver and 0 LCELL
Warning (21074): Design contains 1 input pin(s) that do not drive logic
    Warning (15610): No output dependent on input pin "i_IF_FLUSH" File: E:/Mips pipelined processor/Stage_IF/Instruction_fetch.vhd Line: 19
Info (21057): Implemented 196 device resources after synthesis - the final resource count might be different
    Info (21058): Implemented 37 input pins
    Info (21059): Implemented 64 output pins
    Info (21061): Implemented 95 logic cells
Info: Quartus Prime Analysis & Synthesis was successful. 0 errors, 39 warnings
    Info: Peak virtual memory: 4854 megabytes
    Info: Processing ended: Fri Jul 19 18:29:59 2024
    Info: Elapsed time: 00:00:10
    Info: Total CPU time (on all processors): 00:00:10


